[2024-06-03T21:27:30.604044+04:00] telegram_bot.INFO: Starting getServices function... [] []
[2024-06-03T21:27:40.315700+04:00] telegram_bot.INFO: Navigated to URL... [] []
[2024-06-03T21:27:40.330295+04:00] telegram_bot.INFO: Found 6 service cards... [] []
[2024-06-03T21:27:40.387425+04:00] telegram_bot.INFO: Parsed service: Mathematics - 40.0000 AZN [] []
[2024-06-03T21:27:40.431002+04:00] telegram_bot.INFO: Parsed service: Science - 45.0000 AZN [] []
[2024-06-03T21:27:40.474652+04:00] telegram_bot.INFO: Parsed service: Coding/Programming - 60.0000 AZN [] []
[2024-06-03T21:27:40.514955+04:00] telegram_bot.INFO: Parsed service: Spanish class - 40.0000 AZN [] []
[2024-06-03T21:27:40.563721+04:00] telegram_bot.INFO: Parsed service: French class - 45.0000 AZN [] []
[2024-06-03T21:27:40.609915+04:00] telegram_bot.INFO: Parsed service: English class - 35.0000 AZN [] []
[2024-06-03T21:27:40.684245+04:00] telegram_bot.INFO: Services parsed: [{"id":"11","title":"Mathematics","price":"40.0000"},{"id":"12","title":"Science","price":"45.0000"},{"id":"13","title":"Coding\/Programming","price":"60.0000"},{"id":"14","title":"Spanish class","price":"40.0000"},{"id":"15","title":"French class","price":"45.0000"},{"id":"16","title":"English class","price":"35.0000"}] [] []
[2024-06-03T21:28:57.153468+04:00] telegram_bot.INFO: Starting getAvailableTimes function for service ID 13 and date 2024-06-06... [] []
[2024-06-03T21:29:07.466599+04:00] telegram_bot.INFO: Attempting to find date element with selector: .booknetic_calendar_days[data-date="2024-06-06"] [] []
[2024-06-03T21:29:07.496932+04:00] telegram_bot.INFO: Clicked on date: 2024-06-06 [] []
[2024-06-03T21:29:07.521332+04:00] telegram_bot.INFO: Clicked on next button [] []
[2024-06-03T21:29:07.531787+04:00] telegram_bot.INFO: Time elements loaded... [] []
[2024-06-03T21:30:00.037052+04:00] telegram_bot.INFO: Starting submitForm function... [] []
[2024-06-03T21:30:09.017163+04:00] telegram_bot.INFO: Waiting for service card with ID: 13 [] []
[2024-06-03T21:30:09.078526+04:00] telegram_bot.INFO: Waiting for calendar days to load [] []
[2024-06-03T21:30:10.691735+04:00] telegram_bot.INFO: Calendar days loaded [] []
[2024-06-03T21:30:10.691824+04:00] telegram_bot.INFO: Formatted target month: June 2024 [] []
[2024-06-03T21:30:10.719965+04:00] telegram_bot.INFO: Current month: June 2024 [] []
[2024-06-03T21:30:10.720047+04:00] telegram_bot.INFO: Attempting to find date element with selector:  [] []
[2024-06-03T21:30:11.292247+04:00] telegram_bot.INFO: Starting submitForm function... [] []
[2024-06-03T21:30:16.216976+04:00] telegram_bot.INFO: Waiting for service card with ID: 13 [] []
[2024-06-03T21:30:16.282334+04:00] telegram_bot.INFO: Waiting for calendar days to load [] []
[2024-06-03T21:30:17.871057+04:00] telegram_bot.INFO: Calendar days loaded [] []
[2024-06-03T21:30:17.871152+04:00] telegram_bot.INFO: Formatted target month: June 2024 [] []
[2024-06-03T21:30:17.896498+04:00] telegram_bot.INFO: Current month: June 2024 [] []
[2024-06-03T21:30:17.896605+04:00] telegram_bot.INFO: Attempting to find date element with selector:  [] []
[2024-06-03T21:30:20.390643+04:00] telegram_bot.INFO: Starting submitForm function... [] []
[2024-06-03T21:30:24.805585+04:00] telegram_bot.INFO: Waiting for service card with ID: 13 [] []
[2024-06-03T21:30:24.877942+04:00] telegram_bot.INFO: Waiting for calendar days to load [] []
[2024-06-03T21:30:26.492758+04:00] telegram_bot.INFO: Calendar days loaded [] []
[2024-06-03T21:30:26.492841+04:00] telegram_bot.INFO: Formatted target month: June 2024 [] []
[2024-06-03T21:30:26.515588+04:00] telegram_bot.INFO: Current month: June 2024 [] []
[2024-06-03T21:30:26.515697+04:00] telegram_bot.INFO: Attempting to find date element with selector:  [] []
[2024-06-03T21:30:31.035845+04:00] telegram_bot.INFO: Starting submitForm function... [] []
[2024-06-03T21:30:35.207305+04:00] telegram_bot.INFO: Waiting for service card with ID: 13 [] []
[2024-06-03T21:30:35.266012+04:00] telegram_bot.INFO: Waiting for calendar days to load [] []
[2024-06-03T21:30:36.859573+04:00] telegram_bot.INFO: Calendar days loaded [] []
[2024-06-03T21:30:36.860496+04:00] telegram_bot.INFO: Formatted target month: June 2024 [] []
[2024-06-03T21:30:36.884340+04:00] telegram_bot.INFO: Current month: June 2024 [] []
[2024-06-03T21:30:36.884434+04:00] telegram_bot.INFO: Attempting to find date element with selector:  [] []
[2024-06-03T21:30:45.461648+04:00] telegram_bot.INFO: Starting submitForm function... [] []
[2024-06-03T21:30:49.604449+04:00] telegram_bot.INFO: Waiting for service card with ID: 13 [] []
[2024-06-03T21:30:49.684214+04:00] telegram_bot.INFO: Waiting for calendar days to load [] []
[2024-06-03T21:30:51.279888+04:00] telegram_bot.INFO: Calendar days loaded [] []
[2024-06-03T21:30:51.280025+04:00] telegram_bot.INFO: Formatted target month: June 2024 [] []
[2024-06-03T21:30:51.312435+04:00] telegram_bot.INFO: Current month: June 2024 [] []
[2024-06-03T21:30:51.312536+04:00] telegram_bot.INFO: Attempting to find date element with selector:  [] []
[2024-06-03T21:31:07.906978+04:00] telegram_bot.INFO: Starting submitForm function... [] []
[2024-06-03T21:31:11.846275+04:00] telegram_bot.INFO: Waiting for service card with ID: 13 [] []
[2024-06-03T21:31:11.919501+04:00] telegram_bot.INFO: Waiting for calendar days to load [] []
[2024-06-03T21:31:13.512938+04:00] telegram_bot.INFO: Calendar days loaded [] []
[2024-06-03T21:31:13.513019+04:00] telegram_bot.INFO: Formatted target month: June 2024 [] []
[2024-06-03T21:31:13.536305+04:00] telegram_bot.INFO: Current month: June 2024 [] []
[2024-06-03T21:31:13.536387+04:00] telegram_bot.INFO: Attempting to find date element with selector:  [] []
[2024-06-03T21:31:46.067823+04:00] telegram_bot.INFO: Starting submitForm function... [] []
[2024-06-03T21:31:52.823237+04:00] telegram_bot.INFO: Waiting for service card with ID: 13 [] []
[2024-06-03T21:31:52.914440+04:00] telegram_bot.INFO: Waiting for calendar days to load [] []
[2024-06-03T21:31:54.332896+04:00] telegram_bot.INFO: Calendar days loaded [] []
[2024-06-03T21:31:54.333028+04:00] telegram_bot.INFO: Formatted target month: June 2024 [] []
[2024-06-03T21:31:54.364693+04:00] telegram_bot.INFO: Current month: June 2024 [] []
[2024-06-03T21:31:54.364773+04:00] telegram_bot.INFO: Attempting to find date element with selector:  [] []
[2024-06-03T21:33:01.132222+04:00] telegram_bot.INFO: Starting getAvailableTimes function for service ID 13 and date 2024-06-06... [] []
[2024-06-03T21:33:07.490495+04:00] telegram_bot.INFO: Attempting to find date element with selector: .booknetic_calendar_days[data-date="2024-06-06"] [] []
[2024-06-03T21:33:07.522616+04:00] telegram_bot.INFO: Clicked on date: 2024-06-06 [] []
[2024-06-03T21:33:07.545797+04:00] telegram_bot.INFO: Clicked on next button [] []
[2024-06-03T21:33:07.556450+04:00] telegram_bot.INFO: Time elements loaded... [] []
[2024-06-03T21:33:40.571001+04:00] telegram_bot.INFO: Starting submitForm function... [] []
[2024-06-03T21:33:44.923756+04:00] telegram_bot.INFO: Waiting for service card with ID: 13 [] []
[2024-06-03T21:33:44.982222+04:00] telegram_bot.INFO: Waiting for calendar days to load [] []
[2024-06-03T21:33:46.563692+04:00] telegram_bot.INFO: Calendar days loaded [] []
[2024-06-03T21:33:46.563790+04:00] telegram_bot.INFO: Formatted target month: June 2024 [] []
[2024-06-03T21:33:46.596583+04:00] telegram_bot.INFO: Current month: June 2024 [] []
[2024-06-03T21:33:46.596668+04:00] telegram_bot.INFO: Attempting to find date element with selector:  [] []
[2024-06-03T21:33:47.068931+04:00] telegram_bot.INFO: Starting submitForm function... [] []
[2024-06-03T21:33:54.480423+04:00] telegram_bot.INFO: Waiting for service card with ID: 13 [] []
[2024-06-03T21:33:54.532259+04:00] telegram_bot.INFO: Waiting for calendar days to load [] []
[2024-06-03T21:33:56.110968+04:00] telegram_bot.INFO: Calendar days loaded [] []
[2024-06-03T21:33:56.111042+04:00] telegram_bot.INFO: Formatted target month: June 2024 [] []
[2024-06-03T21:33:56.136206+04:00] telegram_bot.INFO: Current month: June 2024 [] []
[2024-06-03T21:33:56.136282+04:00] telegram_bot.INFO: Attempting to find date element with selector:  [] []
[2024-06-03T21:33:58.825785+04:00] telegram_bot.INFO: Starting submitForm function... [] []
[2024-06-03T21:34:02.734790+04:00] telegram_bot.INFO: Waiting for service card with ID: 13 [] []
[2024-06-03T21:34:02.809183+04:00] telegram_bot.INFO: Waiting for calendar days to load [] []
[2024-06-03T21:34:04.392838+04:00] telegram_bot.INFO: Calendar days loaded [] []
[2024-06-03T21:34:04.392939+04:00] telegram_bot.INFO: Formatted target month: June 2024 [] []
[2024-06-03T21:34:04.418931+04:00] telegram_bot.INFO: Current month: June 2024 [] []
[2024-06-03T21:34:04.419009+04:00] telegram_bot.INFO: Attempting to find date element with selector:  [] []
[2024-06-03T21:34:08.925297+04:00] telegram_bot.INFO: Starting submitForm function... [] []
[2024-06-03T21:34:13.200242+04:00] telegram_bot.INFO: Navigated to URL... [] []
[2024-06-03T21:34:13.200352+04:00] telegram_bot.INFO: Waiting for service card with ID: 13 [] []
[2024-06-03T21:34:13.275324+04:00] telegram_bot.INFO: Clicked on service card with ID: 13 [] []
[2024-06-03T21:34:13.275402+04:00] telegram_bot.INFO: Waiting for calendar days to load [] []
[2024-06-03T21:34:14.909489+04:00] telegram_bot.INFO: Calendar days loaded [] []
[2024-06-03T21:34:14.909593+04:00] telegram_bot.INFO: User provided date: 2024-06-06 [] []
[2024-06-03T21:34:14.909670+04:00] telegram_bot.INFO: Formatted target month: June 2024 [] []
[2024-06-03T21:34:14.938982+04:00] telegram_bot.INFO: Current month: June 2024 [] []
[2024-06-03T21:34:14.939053+04:00] telegram_bot.INFO: Attempting to find date element with selector: .booknetic_calendar_days[data-date="2024-06-06"] [] []
[2024-06-03T21:34:14.977031+04:00] telegram_bot.INFO: Clicked on date: 2024-06-06 [] []
[2024-06-03T21:34:14.977098+04:00] telegram_bot.INFO: Waiting for next button to be present [] []
[2024-06-03T21:34:15.030153+04:00] telegram_bot.INFO: Clicked on next button [] []
[2024-06-03T21:34:15.030213+04:00] telegram_bot.INFO: Waiting for time elements to load [] []
[2024-06-03T21:34:15.043816+04:00] telegram_bot.INFO: Time elements loaded [] []
[2024-06-03T21:34:15.043901+04:00] telegram_bot.INFO: Attempting to find time element with selector: .booknetic_time_element[data-time="18:30"] [] []
[2024-06-03T21:34:15.075355+04:00] telegram_bot.INFO: Clicked on time: 18:30 [] []
[2024-06-03T21:34:15.075411+04:00] telegram_bot.INFO: Waiting for next button to be present again [] []
[2024-06-03T21:34:15.096772+04:00] telegram_bot.INFO: Clicked on next button [] []
[2024-06-03T21:34:15.096848+04:00] telegram_bot.INFO: Waiting for form inputs to be present [] []
[2024-06-03T21:34:16.183116+04:00] telegram_bot.INFO: Form filled with user data [] []
[2024-06-03T21:34:16.183178+04:00] telegram_bot.INFO: Waiting for submit button to be present [] []
[2024-06-03T21:34:36.217388+04:00] telegram_bot.INFO: Form submitted 10 saniye gozledi [] []
[2024-06-03T21:34:36.217468+04:00] telegram_bot.INFO: Waiting for the new page to load after form submission [] []
[2024-06-03T21:34:36.263675+04:00] telegram_bot.INFO: Screenshot saved at: /var/www/test/src/user_data/screenshot_after_form.png [] []
[2024-06-03T21:34:36.263722+04:00] telegram_bot.INFO: Waiting for confirm booking button to be present [] []
[2024-06-03T21:34:36.285717+04:00] telegram_bot.INFO: Clicked on confirm booking button [] []
[2024-06-03T21:34:36.329793+04:00] telegram_bot.INFO: Screenshot saved at: /var/www/test/src/user_data/screenshot_afterrr_form.png [] []
[2024-06-03T21:34:36.338421+04:00] telegram_bot.INFO: Confirm booking button text: CONFIRM BOOKING [] []
[2024-06-03T21:34:36.338468+04:00] telegram_bot.INFO: Waiting for success message to be present [] []
[2024-06-03T21:34:36.347387+04:00] telegram_bot.INFO: Attempting to find time element with selector: .booknetic_appointment_finished_code [] []
[2024-06-03T21:34:36.347435+04:00] telegram_bot.INFO: Fetching the body tag content... [] []
[2024-06-03T21:34:36.347445+04:00] telegram_bot.INFO: Booking confirmed successfully [] []
[2024-06-03T21:34:37.895344+04:00] telegram_bot.INFO: Starting displayServices function... [] []
[2024-06-03T21:34:37.895525+04:00] telegram_bot.INFO: Starting getServices function... [] []
[2024-06-03T21:34:42.150021+04:00] telegram_bot.INFO: Navigated to URL... [] []
[2024-06-03T21:34:42.161293+04:00] telegram_bot.INFO: Found 6 service cards... [] []
[2024-06-03T21:34:42.209877+04:00] telegram_bot.INFO: Parsed service: Mathematics - 40.0000 AZN [] []
[2024-06-03T21:34:42.239708+04:00] telegram_bot.INFO: Parsed service: Science - 45.0000 AZN [] []
[2024-06-03T21:34:42.269168+04:00] telegram_bot.INFO: Parsed service: Coding/Programming - 60.0000 AZN [] []
[2024-06-03T21:34:42.300377+04:00] telegram_bot.INFO: Parsed service: Spanish class - 40.0000 AZN [] []
[2024-06-03T21:34:42.337895+04:00] telegram_bot.INFO: Parsed service: French class - 45.0000 AZN [] []
[2024-06-03T21:34:42.368109+04:00] telegram_bot.INFO: Parsed service: English class - 35.0000 AZN [] []
[2024-06-03T21:34:42.438437+04:00] telegram_bot.INFO: Services parsed: [{"id":"11","title":"Mathematics","price":"40.0000"},{"id":"12","title":"Science","price":"45.0000"},{"id":"13","title":"Coding\/Programming","price":"60.0000"},{"id":"14","title":"Spanish class","price":"40.0000"},{"id":"15","title":"French class","price":"45.0000"},{"id":"16","title":"English class","price":"35.0000"}] [] []
[2024-06-03T21:34:42.438634+04:00] telegram_bot.INFO: Sending inline keyboard with services... [] []
[2024-06-03T21:34:53.346838+04:00] telegram_bot.INFO: Starting displayServices function... [] []
[2024-06-03T21:34:53.347002+04:00] telegram_bot.INFO: Sending inline keyboard with services... [] []
[2024-06-03T21:35:05.630107+04:00] telegram_bot.INFO: Starting getAvailableTimes function for service ID 13 and date 2024-06-06... [] []
[2024-06-03T21:35:10.838694+04:00] telegram_bot.INFO: Navigated to URL... [] []
[2024-06-03T21:35:10.897793+04:00] telegram_bot.INFO: Clicked on service card with ID: 13 [] []
[2024-06-03T21:35:12.510577+04:00] telegram_bot.INFO: Calendar days loaded... [] []
[2024-06-03T21:35:12.541671+04:00] telegram_bot.INFO: Attempting to find date element with selector: .booknetic_calendar_days[data-date="2024-06-06"] [] []
[2024-06-03T21:35:12.574787+04:00] telegram_bot.INFO: Clicked on date: 2024-06-06 [] []
[2024-06-03T21:35:12.599679+04:00] telegram_bot.INFO: Clicked on next button [] []
[2024-06-03T21:35:12.611549+04:00] telegram_bot.INFO: Time elements loaded... [] []
[2024-06-03T21:35:12.924000+04:00] telegram_bot.INFO: Available times:["13:50","13:55","14:00","14:05","14:10","14:15","14:20","14:25","14:30","14:35","14:40","14:45","14:50","14:55","15:00","15:05","15:10","15:15","15:20","15:25","15:30","15:35","15:40","15:45","15:50","15:55","16:00","16:05","16:10","16:15","16:20","16:25","16:30","16:35","16:40","16:45","16:50","16:55","17:00","17:05","17:10","17:15","17:20","17:25","17:30"] [] []
[2024-06-03T21:35:51.626661+04:00] telegram_bot.INFO: Starting submitForm function... [] []
[2024-06-03T21:35:54.892020+04:00] telegram_bot.INFO: Navigated to URL... [] []
[2024-06-03T21:35:54.892119+04:00] telegram_bot.INFO: Waiting for service card with ID: 13 [] []
[2024-06-03T21:35:55.510597+04:00] telegram_bot.INFO: Clicked on service card with ID: 13 [] []
[2024-06-03T21:35:55.510668+04:00] telegram_bot.INFO: Waiting for calendar days to load [] []
[2024-06-03T21:35:57.096142+04:00] telegram_bot.INFO: Calendar days loaded [] []
[2024-06-03T21:35:57.096202+04:00] telegram_bot.INFO: User provided date: 2024-06-06 [] []
[2024-06-03T21:35:57.096244+04:00] telegram_bot.INFO: Formatted target month: June 2024 [] []
[2024-06-03T21:35:57.117262+04:00] telegram_bot.INFO: Current month: June 2024 [] []
[2024-06-03T21:35:57.117315+04:00] telegram_bot.INFO: Attempting to find date element with selector: .booknetic_calendar_days[data-date="2024-06-06"] [] []
[2024-06-03T21:35:57.148738+04:00] telegram_bot.INFO: Clicked on date: 2024-06-06 [] []
[2024-06-03T21:35:57.148803+04:00] telegram_bot.INFO: Waiting for next button to be present [] []
[2024-06-03T21:35:57.170514+04:00] telegram_bot.INFO: Clicked on next button [] []
[2024-06-03T21:35:57.170568+04:00] telegram_bot.INFO: Waiting for time elements to load [] []
[2024-06-03T21:35:57.181285+04:00] telegram_bot.INFO: Time elements loaded [] []
[2024-06-03T21:35:57.181342+04:00] telegram_bot.INFO: Attempting to find time element with selector: .booknetic_time_element[data-time="17:30"] [] []
[2024-06-03T21:35:57.212005+04:00] telegram_bot.INFO: Clicked on time: 17:30 [] []
[2024-06-03T21:35:57.212071+04:00] telegram_bot.INFO: Waiting for next button to be present again [] []
[2024-06-03T21:35:57.232936+04:00] telegram_bot.INFO: Clicked on next button [] []
[2024-06-03T21:35:57.232987+04:00] telegram_bot.INFO: Waiting for form inputs to be present [] []
[2024-06-03T21:35:58.275536+04:00] telegram_bot.INFO: Form filled with user data [] []
[2024-06-03T21:35:58.275615+04:00] telegram_bot.INFO: Waiting for submit button to be present [] []
[2024-06-03T21:36:18.305266+04:00] telegram_bot.INFO: Form submitted 10 saniye gozledi [] []
[2024-06-03T21:36:18.305481+04:00] telegram_bot.INFO: Waiting for the new page to load after form submission [] []
[2024-06-03T21:36:18.342967+04:00] telegram_bot.INFO: Screenshot saved at: /var/www/test/src/user_data/screenshot_after_form.png [] []
[2024-06-03T21:36:18.343003+04:00] telegram_bot.INFO: Waiting for confirm booking button to be present [] []
[2024-06-03T21:36:18.362858+04:00] telegram_bot.INFO: Clicked on confirm booking button [] []
[2024-06-03T21:36:18.410654+04:00] telegram_bot.INFO: Screenshot saved at: /var/www/test/src/user_data/screenshot_afterrr_form.png [] []
[2024-06-03T21:36:18.417554+04:00] telegram_bot.INFO: Confirm booking button text: CONFIRM BOOKING [] []
[2024-06-03T21:36:18.417602+04:00] telegram_bot.INFO: Waiting for success message to be present [] []
[2024-06-03T21:36:18.426378+04:00] telegram_bot.INFO: Attempting to find time element with selector: .booknetic_appointment_finished_code [] []
[2024-06-03T21:36:18.426436+04:00] telegram_bot.INFO: Fetching the body tag content... [] []
[2024-06-03T21:36:18.426447+04:00] telegram_bot.INFO: Booking confirmed successfully [] []
